<?xml version="1.0" encoding="UTF-8"?>
<testsuite xmlns:xsi="http://www.w3.org/2001/XMLSchema-instance" xsi:noNamespaceSchemaLocation="https://maven.apache.org/surefire/maven-surefire-plugin/xsd/surefire-test-report-3.0.xsd" version="3.0" name="TestSuite" time="1.904" tests="1" errors="0" skipped="0" failures="0">
  <properties>
    <property name="sun.desktop" value="windows"/>
    <property name="awt.toolkit" value="sun.awt.windows.WToolkit"/>
    <property name="file.encoding.pkg" value="sun.io"/>
    <property name="java.specification.version" value="1.8"/>
    <property name="sun.cpu.isalist" value="amd64"/>
    <property name="sun.jnu.encoding" value="Cp1252"/>
    <property name="java.class.path" value="D:\Gsan DELL\eclipse-workspace\WriteInDocx\target\test-classes;D:\Gsan DELL\eclipse-workspace\WriteInDocx\target\classes;D:\maven\.m2\repository\org\aeonbits\owner\owner-java8\1.0.12\owner-java8-1.0.12.jar;D:\maven\.m2\repository\org\aeonbits\owner\owner\1.0.12\owner-1.0.12.jar;D:\maven\.m2\repository\org\testng\testng\7.4.0\testng-7.4.0.jar;D:\maven\.m2\repository\com\beust\jcommander\1.78\jcommander-1.78.jar;D:\maven\.m2\repository\org\webjars\jquery\3.5.1\jquery-3.5.1.jar;D:\maven\.m2\repository\org\apache\poi\poi-ooxml\5.2.2\poi-ooxml-5.2.2.jar;D:\maven\.m2\repository\org\apache\poi\poi\5.2.2\poi-5.2.2.jar;D:\maven\.m2\repository\commons-codec\commons-codec\1.15\commons-codec-1.15.jar;D:\maven\.m2\repository\org\apache\commons\commons-math3\3.6.1\commons-math3-3.6.1.jar;D:\maven\.m2\repository\com\zaxxer\SparseBitSet\1.2\SparseBitSet-1.2.jar;D:\maven\.m2\repository\org\apache\poi\poi-ooxml-lite\5.2.2\poi-ooxml-lite-5.2.2.jar;D:\maven\.m2\repository\org\apache\xmlbeans\xmlbeans\5.0.3\xmlbeans-5.0.3.jar;D:\maven\.m2\repository\xml-apis\xml-apis\1.4.01\xml-apis-1.4.01.jar;D:\maven\.m2\repository\org\apache\commons\commons-compress\1.21\commons-compress-1.21.jar;D:\maven\.m2\repository\commons-io\commons-io\2.11.0\commons-io-2.11.0.jar;D:\maven\.m2\repository\com\github\virtuald\curvesapi\1.07\curvesapi-1.07.jar;D:\maven\.m2\repository\org\apache\logging\log4j\log4j-api\2.17.2\log4j-api-2.17.2.jar;D:\maven\.m2\repository\org\apache\commons\commons-collections4\4.4\commons-collections4-4.4.jar;D:\maven\.m2\repository\org\apache\logging\log4j\log4j-to-slf4j\2.8.2\log4j-to-slf4j-2.8.2.jar;D:\maven\.m2\repository\org\slf4j\slf4j-api\1.7.5\slf4j-api-1.7.5.jar;D:\maven\.m2\repository\org\slf4j\slf4j-log4j12\1.7.5\slf4j-log4j12-1.7.5.jar;D:\maven\.m2\repository\log4j\log4j\1.2.17\log4j-1.2.17.jar;"/>
    <property name="java.vm.vendor" value="Oracle Corporation"/>
    <property name="sun.arch.data.model" value="64"/>
    <property name="user.variant" value=""/>
    <property name="java.vendor.url" value="http://java.oracle.com/"/>
    <property name="user.timezone" value="America/New_York"/>
    <property name="java.vm.specification.version" value="1.8"/>
    <property name="os.name" value="Windows 10"/>
    <property name="user.country" value="US"/>
    <property name="sun.java.launcher" value="SUN_STANDARD"/>
    <property name="sun.boot.library.path" value="C:\Program Files\Java\jdk1.8.0_231\jre\bin"/>
    <property name="sun.java.command" value="C:\Users\ssi49\AppData\Local\Temp\surefire8116847659716687796\surefirebooter3607703935812050262.jar C:\Users\ssi49\AppData\Local\Temp\surefire8116847659716687796 2022-07-24T17-16-48_297-jvmRun1 surefire5800536639578675356tmp surefire_05999206256274058178tmp"/>
    <property name="surefire.test.class.path" value="D:\Gsan DELL\eclipse-workspace\WriteInDocx\target\test-classes;D:\Gsan DELL\eclipse-workspace\WriteInDocx\target\classes;D:\maven\.m2\repository\org\aeonbits\owner\owner-java8\1.0.12\owner-java8-1.0.12.jar;D:\maven\.m2\repository\org\aeonbits\owner\owner\1.0.12\owner-1.0.12.jar;D:\maven\.m2\repository\org\testng\testng\7.4.0\testng-7.4.0.jar;D:\maven\.m2\repository\com\beust\jcommander\1.78\jcommander-1.78.jar;D:\maven\.m2\repository\org\webjars\jquery\3.5.1\jquery-3.5.1.jar;D:\maven\.m2\repository\org\apache\poi\poi-ooxml\5.2.2\poi-ooxml-5.2.2.jar;D:\maven\.m2\repository\org\apache\poi\poi\5.2.2\poi-5.2.2.jar;D:\maven\.m2\repository\commons-codec\commons-codec\1.15\commons-codec-1.15.jar;D:\maven\.m2\repository\org\apache\commons\commons-math3\3.6.1\commons-math3-3.6.1.jar;D:\maven\.m2\repository\com\zaxxer\SparseBitSet\1.2\SparseBitSet-1.2.jar;D:\maven\.m2\repository\org\apache\poi\poi-ooxml-lite\5.2.2\poi-ooxml-lite-5.2.2.jar;D:\maven\.m2\repository\org\apache\xmlbeans\xmlbeans\5.0.3\xmlbeans-5.0.3.jar;D:\maven\.m2\repository\xml-apis\xml-apis\1.4.01\xml-apis-1.4.01.jar;D:\maven\.m2\repository\org\apache\commons\commons-compress\1.21\commons-compress-1.21.jar;D:\maven\.m2\repository\commons-io\commons-io\2.11.0\commons-io-2.11.0.jar;D:\maven\.m2\repository\com\github\virtuald\curvesapi\1.07\curvesapi-1.07.jar;D:\maven\.m2\repository\org\apache\logging\log4j\log4j-api\2.17.2\log4j-api-2.17.2.jar;D:\maven\.m2\repository\org\apache\commons\commons-collections4\4.4\commons-collections4-4.4.jar;D:\maven\.m2\repository\org\apache\logging\log4j\log4j-to-slf4j\2.8.2\log4j-to-slf4j-2.8.2.jar;D:\maven\.m2\repository\org\slf4j\slf4j-api\1.7.5\slf4j-api-1.7.5.jar;D:\maven\.m2\repository\org\slf4j\slf4j-log4j12\1.7.5\slf4j-log4j12-1.7.5.jar;D:\maven\.m2\repository\log4j\log4j\1.2.17\log4j-1.2.17.jar;"/>
    <property name="sun.cpu.endian" value="little"/>
    <property name="user.home" value="C:\Users\ssi49"/>
    <property name="user.language" value="en"/>
    <property name="java.specification.vendor" value="Oracle Corporation"/>
    <property name="java.home" value="C:\Program Files\Java\jdk1.8.0_231\jre"/>
    <property name="basedir" value="D:\Gsan DELL\eclipse-workspace\WriteInDocx"/>
    <property name="file.separator" value="\"/>
    <property name="line.separator" value="&#10;"/>
    <property name="java.vm.specification.vendor" value="Oracle Corporation"/>
    <property name="java.specification.name" value="Java Platform API Specification"/>
    <property name="java.awt.graphicsenv" value="sun.awt.Win32GraphicsEnvironment"/>
    <property name="surefire.real.class.path" value="C:\Users\ssi49\AppData\Local\Temp\surefire8116847659716687796\surefirebooter3607703935812050262.jar"/>
    <property name="sun.boot.class.path" value="C:\Program Files\Java\jdk1.8.0_231\jre\lib\resources.jar;C:\Program Files\Java\jdk1.8.0_231\jre\lib\rt.jar;C:\Program Files\Java\jdk1.8.0_231\jre\lib\sunrsasign.jar;C:\Program Files\Java\jdk1.8.0_231\jre\lib\jsse.jar;C:\Program Files\Java\jdk1.8.0_231\jre\lib\jce.jar;C:\Program Files\Java\jdk1.8.0_231\jre\lib\charsets.jar;C:\Program Files\Java\jdk1.8.0_231\jre\lib\jfr.jar;C:\Program Files\Java\jdk1.8.0_231\jre\classes"/>
    <property name="user.script" value=""/>
    <property name="sun.management.compiler" value="HotSpot 64-Bit Tiered Compilers"/>
    <property name="java.runtime.version" value="1.8.0_231-b11"/>
    <property name="user.name" value="ssi49"/>
    <property name="path.separator" value=";"/>
    <property name="os.version" value="10.0"/>
    <property name="java.endorsed.dirs" value="C:\Program Files\Java\jdk1.8.0_231\jre\lib\endorsed"/>
    <property name="java.runtime.name" value="Java(TM) SE Runtime Environment"/>
    <property name="file.encoding" value="Cp1252"/>
    <property name="java.vm.name" value="Java HotSpot(TM) 64-Bit Server VM"/>
    <property name="localRepository" value="D:\maven\.m2\repository"/>
    <property name="java.vendor.url.bug" value="http://bugreport.sun.com/bugreport/"/>
    <property name="java.io.tmpdir" value="C:\Users\ssi49\AppData\Local\Temp\"/>
    <property name="java.version" value="1.8.0_231"/>
    <property name="user.dir" value="D:\Gsan DELL\eclipse-workspace\WriteInDocx"/>
    <property name="os.arch" value="amd64"/>
    <property name="java.vm.specification.name" value="Java Virtual Machine Specification"/>
    <property name="java.awt.printerjob" value="sun.awt.windows.WPrinterJob"/>
    <property name="sun.os.patch.level" value=""/>
    <property name="java.library.path" value="C:\Program Files\Java\jdk1.8.0_231\jre\bin;C:\WINDOWS\Sun\Java\bin;C:\WINDOWS\system32;C:\WINDOWS;C:/Program Files/Java/jdk-16.0.1/bin/server;C:/Program Files/Java/jdk-16.0.1/bin;C:\Program Files\Common Files\Oracle\Java\javapath;C:\Python38\Scripts\;C:\Python38\;C:\Program Files (x86)\Common Files\Oracle\Java\javapath;C:\Windows\system32;C:\Windows;C:\Windows\System32\Wbem;C:\Windows\System32\WindowsPowerShell\v1.0\;C:\Windows\System32\OpenSSH\;C:\Program Files\NVIDIA Corporation\NVIDIA NvDLISR;C:\Program Files (x86)\NVIDIA Corporation\PhysX\Common;C:\Program Files\Java\jdk-16.0.1\bin;D:\maven\apache-maven-3.6.3-bin\apache-maven-3.6.3\bin;C:\Program Files\Microsoft SQL Server\130\Tools\Binn\;C:\Strawberry\c\bin;C:\Strawberry\perl\site\bin;C:\Strawberry\perl\bin;C:\ProgramData\chocolatey\bin;C:\Program Files\nodejs\;C:\Users\ssi49\AppData\Local\Android\Sdk\tools\bin;C:\Users\ssi49\AppData\Local\Android\Sdk\tools;C:\Users\ssi49\AppData\Local\Android\Sdk\platform-tools;C:\WINDOWS\system32;C:\WINDOWS;C:\WINDOWS\System32\Wbem;C:\WINDOWS\System32\WindowsPowerShell\v1.0\;C:\WINDOWS\System32\OpenSSH\;C:\HashiCorp\Vagrant\bin;C:\Program Files\Git\cmd;C:\Program Files\Docker\Docker\resources\bin;C:\ProgramData\DockerDesktop\version-bin;C:\Program Files\dotnet\;C:\Program Files\PowerShell\7\;C:\Users\ssi49\AppData\Local\Microsoft\WindowsApps;C:\Users\ssi49\AppData\Local\Programs\Microsoft VS Code\bin;C:\Users\ssi49\AppData\Roaming\npm;C:\Program Files (x86)\GitHub CLI\;;C:\Users\ssi49\Desktop;;."/>
    <property name="java.vm.info" value="mixed mode"/>
    <property name="java.vendor" value="Oracle Corporation"/>
    <property name="java.vm.version" value="25.231-b11"/>
    <property name="java.ext.dirs" value="C:\Program Files\Java\jdk1.8.0_231\jre\lib\ext;C:\WINDOWS\Sun\Java\lib\ext"/>
    <property name="sun.io.unicode.encoding" value="UnicodeLittle"/>
    <property name="java.class.version" value="52.0"/>
  </properties>
  <testcase name="main" classname="com.app.test.AppTest" time="0.83">
    <system-out><![CDATA[Application Started...Test
Successfully Created Execution_v1.docx file
Application Shutting Down with Success...Test
]]></system-out>
  </testcase>
</testsuite>