<?xml version="1.0" encoding="UTF-8"?>
<!-- Generated by org.testng.reporters.JUnitReportReporter -->
<testsuite skipped="0" hostname="DESKTOP-AKI9RED" name="com.app.test.App" tests="1" failures="0" timestamp="2022-07-24T14:02:27 EDT" time="1.873" errors="0">
  <testcase name="main" time="1.873" classname="com.app.test.App"/>
  <system-out/>
</testsuite> <!-- com.app.test.App -->
