<?xml version="1.0" encoding="UTF-8"?>
<!-- Generated by org.testng.reporters.JUnitReportReporter -->
<testsuite skipped="1" hostname="DESKTOP-AKI9RED" name="com.app.test.roughTest.RoughTest" tests="2" failures="0" timestamp="2022-07-24T14:48:19 EDT" time="0.006" errors="0">
  <testcase name="m2" time="0.006" classname="com.app.test.roughTest.RoughTest"/>
  <system-out/>
  <testcase name="m1" classname="com.app.test.roughTest.RoughTest">
    <skipped/>
  </testcase> <!-- m1 -->
  <system-out/>
</testsuite> <!-- com.app.test.roughTest.RoughTest -->
