<?xml version="1.0" encoding="UTF-8"?>
<!-- Generated by org.testng.reporters.JUnitReportReporter -->
<testsuite skipped="0" hostname="DESKTOP-AKI9RED" name="com.template.basic.smoketest.SmokeTest" tests="1" failures="0" timestamp="2021-08-29T23:53:18 EDT" time="0.385" errors="0">
  <testcase name="extentReportTest" time="0.385" classname="com.template.basic.smoketest.SmokeTest"/>
  <system-out/>
</testsuite> <!-- com.template.basic.smoketest.SmokeTest -->
