<?xml version="1.0" encoding="UTF-8"?>
<!-- Generated by org.testng.reporters.JUnitReportReporter -->
<testsuite skipped="0" hostname="DESKTOP-AKI9RED" name="com.template.basic.roughtest.RoughTest" tests="1" failures="0" timestamp="2021-12-15T20:04:07 EST" time="0.006" errors="0">
  <testcase name="compareArrayList" time="0.006" classname="com.template.basic.roughtest.RoughTest"/>
  <system-out/>
</testsuite> <!-- com.template.basic.roughtest.RoughTest -->
