<?xml version="1.0" encoding="UTF-8"?>
<!-- Generated by org.testng.reporters.JUnitReportReporter -->
<testsuite skipped="0" hostname="DESKTOP-AKI9RED" name="com.app.main.App" tests="1" failures="0" timestamp="2022-07-24T16:10:46 EDT" time="0.604" errors="0">
  <testcase name="main" time="0.604" classname="com.app.main.App"/>
  <system-out/>
</testsuite> <!-- com.app.main.App -->
