<?xml version="1.0" encoding="UTF-8"?>
<!-- Generated by org.testng.reporters.JUnitReportReporter -->
<testsuite skipped="0" hostname="DESKTOP-AKI9RED" name="com.app.test.AppTest" tests="1" failures="0" timestamp="2022-07-24T17:16:51 EDT" time="0.826" errors="0">
  <testcase name="main" time="0.826" classname="com.app.test.AppTest"/>
  <system-out/>
</testsuite> <!-- com.app.test.AppTest -->
